<?xml version="1.0" encoding="UTF-8"?>
<!-- Generated by org.testng.reporters.JUnitReportReporter -->
<testsuite hostname="Akki" failures="0" tests="1" name="com.Shanon.accounts.VerifyAccountsCreation" time="10.175" errors="0" timestamp="2022-05-24T18:38:13 IST" skipped="0">
  <testcase classname="com.Shanon.accounts.VerifyAccountsCreation" name="createAccountTest" time="10.175"/>
  <system-out>
    <![CDATA[CRM HOME PAGE is Displayed]]>
  </system-out>
</testsuite> <!-- com.Shanon.accounts.VerifyAccountsCreation -->
