<?xml version="1.0" encoding="UTF-8"?>
<!-- Generated by org.testng.reporters.JUnitReportReporter -->
<testsuite hostname="Akki" failures="0" tests="1" name="com.Shanon.login.ValidLogin" time="0.668" errors="0" timestamp="2022-05-21T12:49:56 IST" skipped="0">
  <testcase classname="com.Shanon.login.ValidLogin" name="loginToApp" time="0.668"/>
  <system-out>
    <![CDATA[CRM HOME PAGE is Displayed]]>
  </system-out>
</testsuite> <!-- com.Shanon.login.ValidLogin -->
